[debug] [2023-03-23T09:22:07.385Z] ----------------------------------------------------------------------
[debug] [2023-03-23T09:22:07.387Z] Command:       C:\Program Files\nodejs\node.exe C:\Users\Nasima\AppData\Roaming\npm\node_modules\firebase-tools\lib\bin\firebase.js deploy
[debug] [2023-03-23T09:22:07.388Z] CLI Version:   11.25.1
[debug] [2023-03-23T09:22:07.388Z] Platform:      win32
[debug] [2023-03-23T09:22:07.388Z] Node Version:  v18.14.0
[debug] [2023-03-23T09:22:07.389Z] Time:          Thu Mar 23 2023 15:22:07 GMT+0600 (Bangladesh Standard Time)
[debug] [2023-03-23T09:22:07.389Z] ----------------------------------------------------------------------
[debug] 
[debug] [2023-03-23T09:22:07.452Z] > command requires scopes: ["email","openid","https://www.googleapis.com/auth/cloudplatformprojects.readonly","https://www.googleapis.com/auth/firebase","https://www.googleapis.com/auth/cloud-platform"]
[debug] [2023-03-23T09:22:07.452Z] > authorizing via signed-in user (nasimatpi@gmail.com)
[debug] [2023-03-23T09:22:07.452Z] [iam] checking project login-form-c466c for permissions ["firebase.projects.get","firebasehosting.sites.update"]
[debug] [2023-03-23T09:22:07.454Z] >>> [apiv2][query] POST https://cloudresourcemanager.googleapis.com/v1/projects/login-form-c466c:testIamPermissions [none]
[debug] [2023-03-23T09:22:07.454Z] >>> [apiv2][(partial)header] POST https://cloudresourcemanager.googleapis.com/v1/projects/login-form-c466c:testIamPermissions x-goog-quota-user=projects/login-form-c466c
[debug] [2023-03-23T09:22:07.454Z] >>> [apiv2][body] POST https://cloudresourcemanager.googleapis.com/v1/projects/login-form-c466c:testIamPermissions {"permissions":["firebase.projects.get","firebasehosting.sites.update"]}
[debug] [2023-03-23T09:22:10.271Z] <<< [apiv2][status] POST https://cloudresourcemanager.googleapis.com/v1/projects/login-form-c466c:testIamPermissions 200
[debug] [2023-03-23T09:22:10.272Z] <<< [apiv2][body] POST https://cloudresourcemanager.googleapis.com/v1/projects/login-form-c466c:testIamPermissions {"permissions":["firebase.projects.get","firebasehosting.sites.update"]}
[debug] [2023-03-23T09:22:10.273Z] >>> [apiv2][query] GET https://firebase.googleapis.com/v1beta1/projects/login-form-c466c [none]
[debug] [2023-03-23T09:22:10.962Z] <<< [apiv2][status] GET https://firebase.googleapis.com/v1beta1/projects/login-form-c466c 200
[debug] [2023-03-23T09:22:10.962Z] <<< [apiv2][body] GET https://firebase.googleapis.com/v1beta1/projects/login-form-c466c {"projectId":"login-form-c466c","projectNumber":"574439046436","displayName":"login-form","name":"projects/login-form-c466c","resources":{"hostingSite":"login-form-c466c"},"state":"ACTIVE","etag":"1_09bf851e-d1c2-4a67-b46a-c0fbeef84412"}
[info] 
[info] === Deploying to 'login-form-c466c'...
[info] 
[info] i  deploying hosting 
[debug] [2023-03-23T09:22:10.978Z] >>> [apiv2][query] POST https://firebasehosting.googleapis.com/v1beta1/projects/-/sites/login-form-c466c/versions [none]
[debug] [2023-03-23T09:22:10.978Z] >>> [apiv2][body] POST https://firebasehosting.googleapis.com/v1beta1/projects/-/sites/login-form-c466c/versions {"status":"CREATED","labels":{"deployment-tool":"cli-firebase"}}
[debug] [2023-03-23T09:22:16.304Z] <<< [apiv2][status] POST https://firebasehosting.googleapis.com/v1beta1/projects/-/sites/login-form-c466c/versions 200
[debug] [2023-03-23T09:22:16.305Z] <<< [apiv2][body] POST https://firebasehosting.googleapis.com/v1beta1/projects/-/sites/login-form-c466c/versions {"name":"projects/574439046436/sites/login-form-c466c/versions/9022f7873d7f527e","status":"CREATED","config":{},"labels":{"deployment-tool":"cli-firebase"}}
[info] i  hosting[login-form-c466c]: beginning deploy... 
[info] i  hosting[login-form-c466c]: found 18 files in build 
[debug] [2023-03-23T09:22:16.317Z] [hosting] uploading with 200 concurrency
[debug] [2023-03-23T09:22:16.319Z] [hosting] hash cache [YnVpbGQ] not populated
[debug] [2023-03-23T09:22:16.646Z] [hosting] hash cache [YnVpbGQ] stored for 18 files
[debug] [2023-03-23T09:22:16.647Z] [hosting][hash queue][FINAL] {"max":311,"min":14,"avg":35.666666666666664,"active":0,"complete":18,"success":18,"errored":0,"retried":0,"total":18,"elapsed":327}
[debug] [2023-03-23T09:22:16.647Z] >>> [apiv2][query] POST https://firebasehosting.googleapis.com/v1beta1/projects/574439046436/sites/login-form-c466c/versions/9022f7873d7f527e:populateFiles [none]
[debug] [2023-03-23T09:22:16.648Z] >>> [apiv2][body] POST https://firebasehosting.googleapis.com/v1beta1/projects/574439046436/sites/login-form-c466c/versions/9022f7873d7f527e:populateFiles {"files":{"/appointmentOption.json":"1d9d1f5c30fabb55686cfd1d8ba81a8bbd403430bb4a109b60c9ff675f2ba06c","/logo192.png":"3ee59515172ee198f3be375979df15ac5345183e656720a381b8872b2a39dc8b","/favicon.ico":"706c2fbe6810db30c6f62ae4135a69cbb29a8643f602e6d8e106e4ea5251369a","/logo512.png":"ee7e2f3fdb8209c4b6fd7bef6ba50d1b9dba30a25bb5c3126df057e1cb6f5331","/manifest.json":"aff3449bdc238776f5d6d967f19ec491b36aed5fb7f23ccff6500736fd58494a","/robots.txt":"bfe106a3fb878dc83461c86818bf74fc1bdc7f28538ba613cd3e775516ce8b49","/static/js/787.dca3c7cd.chunk.js":"4c621dda09aaa37f77d7041b3a440e943577302dc12279671803b3d63ebacd7f","/static/js/787.dca3c7cd.chunk.js.map":"7baf22de54d5d9a7226bec650f0f10c58d2983128f313fca9e92523ae9b380cd","/static/js/main.6f287ca0.js.LICENSE.txt":"f4f1a98fe8c92c6e9727f1d030e6009a548f24d0e8026519fc6eb17975ca28be","/static/css/main.b5cb1b4a.css":"636249f7ec13471ca8dd1b5514683b9422ba7c1339db7d3fccd89587d561f57d","/asset-manifest.json":"f57a88fa1fb5ac200e2cd0ab168f6297a6b7ab05ec49d40e2e9044d157deb2ea","/index.html":"c0dc8441d856fa87e9c7c4e849c7c1c5a294a0bde6d5a04a77ba6478f6cb0a13","/static/media/chair.7032fe80946ed87735cb.png":"642ef6ac8ac6b4ab70684dbaa919d5e1950f9077111123b0c718af21d236ca7e","/static/css/main.b5cb1b4a.css.map":"a35e0828e6dc7126237876b2dadbe7fcb232addb528c11165f30af99142f43ad","/static/media/bg.33b42bf92e2d9dd33b67.png":"3f049762b651db5bf54da4c48abe86092382bf2d7b61a6c600fe9c1913f99d6e","/static/media/footer.44c30585194ef96c686f.png":"988eaf7855170a86758d4b3b4eae40c9943df7277c8a1bd1d3b7b7473ab794ae","/static/js/main.6f287ca0.js":"cd61a427c213687dad4a2935930286b1a7a88aaf42407f6edbf02c47b848ee05","/static/js/main.6f287ca0.js.map":"666975cbb8df6d3a8fe745c216bea42cdbeade0c1352927356ce159645bae637"}}
[debug] [2023-03-23T09:22:28.632Z] [populateQueue] Retrying task index 0
[debug] [2023-03-23T09:22:28.634Z] >>> [apiv2][query] POST https://firebasehosting.googleapis.com/v1beta1/projects/574439046436/sites/login-form-c466c/versions/9022f7873d7f527e:populateFiles [none]
[debug] [2023-03-23T09:22:28.634Z] >>> [apiv2][body] POST https://firebasehosting.googleapis.com/v1beta1/projects/574439046436/sites/login-form-c466c/versions/9022f7873d7f527e:populateFiles {"files":{"/appointmentOption.json":"1d9d1f5c30fabb55686cfd1d8ba81a8bbd403430bb4a109b60c9ff675f2ba06c","/logo192.png":"3ee59515172ee198f3be375979df15ac5345183e656720a381b8872b2a39dc8b","/favicon.ico":"706c2fbe6810db30c6f62ae4135a69cbb29a8643f602e6d8e106e4ea5251369a","/logo512.png":"ee7e2f3fdb8209c4b6fd7bef6ba50d1b9dba30a25bb5c3126df057e1cb6f5331","/manifest.json":"aff3449bdc238776f5d6d967f19ec491b36aed5fb7f23ccff6500736fd58494a","/robots.txt":"bfe106a3fb878dc83461c86818bf74fc1bdc7f28538ba613cd3e775516ce8b49","/static/js/787.dca3c7cd.chunk.js":"4c621dda09aaa37f77d7041b3a440e943577302dc12279671803b3d63ebacd7f","/static/js/787.dca3c7cd.chunk.js.map":"7baf22de54d5d9a7226bec650f0f10c58d2983128f313fca9e92523ae9b380cd","/static/js/main.6f287ca0.js.LICENSE.txt":"f4f1a98fe8c92c6e9727f1d030e6009a548f24d0e8026519fc6eb17975ca28be","/static/css/main.b5cb1b4a.css":"636249f7ec13471ca8dd1b5514683b9422ba7c1339db7d3fccd89587d561f57d","/asset-manifest.json":"f57a88fa1fb5ac200e2cd0ab168f6297a6b7ab05ec49d40e2e9044d157deb2ea","/index.html":"c0dc8441d856fa87e9c7c4e849c7c1c5a294a0bde6d5a04a77ba6478f6cb0a13","/static/media/chair.7032fe80946ed87735cb.png":"642ef6ac8ac6b4ab70684dbaa919d5e1950f9077111123b0c718af21d236ca7e","/static/css/main.b5cb1b4a.css.map":"a35e0828e6dc7126237876b2dadbe7fcb232addb528c11165f30af99142f43ad","/static/media/bg.33b42bf92e2d9dd33b67.png":"3f049762b651db5bf54da4c48abe86092382bf2d7b61a6c600fe9c1913f99d6e","/static/media/footer.44c30585194ef96c686f.png":"988eaf7855170a86758d4b3b4eae40c9943df7277c8a1bd1d3b7b7473ab794ae","/static/js/main.6f287ca0.js":"cd61a427c213687dad4a2935930286b1a7a88aaf42407f6edbf02c47b848ee05","/static/js/main.6f287ca0.js.map":"666975cbb8df6d3a8fe745c216bea42cdbeade0c1352927356ce159645bae637"}}
[debug] [2023-03-23T09:22:30.030Z] <<< [apiv2][status] POST https://firebasehosting.googleapis.com/v1beta1/projects/574439046436/sites/login-form-c466c/versions/9022f7873d7f527e:populateFiles 200
[debug] [2023-03-23T09:22:30.031Z] <<< [apiv2][body] POST https://firebasehosting.googleapis.com/v1beta1/projects/574439046436/sites/login-form-c466c/versions/9022f7873d7f527e:populateFiles {"uploadRequiredHashes":["f57a88fa1fb5ac200e2cd0ab168f6297a6b7ab05ec49d40e2e9044d157deb2ea","706c2fbe6810db30c6f62ae4135a69cbb29a8643f602e6d8e106e4ea5251369a","ee7e2f3fdb8209c4b6fd7bef6ba50d1b9dba30a25bb5c3126df057e1cb6f5331","1d9d1f5c30fabb55686cfd1d8ba81a8bbd403430bb4a109b60c9ff675f2ba06c","3ee59515172ee198f3be375979df15ac5345183e656720a381b8872b2a39dc8b","636249f7ec13471ca8dd1b5514683b9422ba7c1339db7d3fccd89587d561f57d","aff3449bdc238776f5d6d967f19ec491b36aed5fb7f23ccff6500736fd58494a","f4f1a98fe8c92c6e9727f1d030e6009a548f24d0e8026519fc6eb17975ca28be","666975cbb8df6d3a8fe745c216bea42cdbeade0c1352927356ce159645bae637","642ef6ac8ac6b4ab70684dbaa919d5e1950f9077111123b0c718af21d236ca7e","a35e0828e6dc7126237876b2dadbe7fcb232addb528c11165f30af99142f43ad","988eaf7855170a86758d4b3b4eae40c9943df7277c8a1bd1d3b7b7473ab794ae","c0dc8441d856fa87e9c7c4e849c7c1c5a294a0bde6d5a04a77ba6478f6cb0a13","bfe106a3fb878dc83461c86818bf74fc1bdc7f28538ba613cd3e775516ce8b49","4c621dda09aaa37f77d7041b3a440e943577302dc12279671803b3d63ebacd7f","cd61a427c213687dad4a2935930286b1a7a88aaf42407f6edbf02c47b848ee05","3f049762b651db5bf54da4c48abe86092382bf2d7b61a6c600fe9c1913f99d6e","7baf22de54d5d9a7226bec650f0f10c58d2983128f313fca9e92523ae9b380cd"],"uploadUrl":"https://upload-firebasehosting.googleapis.com/upload/sites/login-form-c466c/versions/9022f7873d7f527e/files"}
[debug] [2023-03-23T09:22:30.041Z] >>> [apiv2][query] POST https://upload-firebasehosting.googleapis.com/upload/sites/login-form-c466c/versions/9022f7873d7f527e/files/f57a88fa1fb5ac200e2cd0ab168f6297a6b7ab05ec49d40e2e9044d157deb2ea [none]
[debug] [2023-03-23T09:22:30.041Z] >>> [apiv2][body] POST https://upload-firebasehosting.googleapis.com/upload/sites/login-form-c466c/versions/9022f7873d7f527e/files/f57a88fa1fb5ac200e2cd0ab168f6297a6b7ab05ec49d40e2e9044d157deb2ea [stream]
[debug] [2023-03-23T09:22:30.044Z] >>> [apiv2][query] POST https://upload-firebasehosting.googleapis.com/upload/sites/login-form-c466c/versions/9022f7873d7f527e/files/706c2fbe6810db30c6f62ae4135a69cbb29a8643f602e6d8e106e4ea5251369a [none]
[debug] [2023-03-23T09:22:30.044Z] >>> [apiv2][body] POST https://upload-firebasehosting.googleapis.com/upload/sites/login-form-c466c/versions/9022f7873d7f527e/files/706c2fbe6810db30c6f62ae4135a69cbb29a8643f602e6d8e106e4ea5251369a [stream]
[debug] [2023-03-23T09:22:30.046Z] >>> [apiv2][query] POST https://upload-firebasehosting.googleapis.com/upload/sites/login-form-c466c/versions/9022f7873d7f527e/files/ee7e2f3fdb8209c4b6fd7bef6ba50d1b9dba30a25bb5c3126df057e1cb6f5331 [none]
[debug] [2023-03-23T09:22:30.046Z] >>> [apiv2][body] POST https://upload-firebasehosting.googleapis.com/upload/sites/login-form-c466c/versions/9022f7873d7f527e/files/ee7e2f3fdb8209c4b6fd7bef6ba50d1b9dba30a25bb5c3126df057e1cb6f5331 [stream]
[debug] [2023-03-23T09:22:30.048Z] >>> [apiv2][query] POST https://upload-firebasehosting.googleapis.com/upload/sites/login-form-c466c/versions/9022f7873d7f527e/files/1d9d1f5c30fabb55686cfd1d8ba81a8bbd403430bb4a109b60c9ff675f2ba06c [none]
[debug] [2023-03-23T09:22:30.048Z] >>> [apiv2][body] POST https://upload-firebasehosting.googleapis.com/upload/sites/login-form-c466c/versions/9022f7873d7f527e/files/1d9d1f5c30fabb55686cfd1d8ba81a8bbd403430bb4a109b60c9ff675f2ba06c [stream]
[debug] [2023-03-23T09:22:30.050Z] >>> [apiv2][query] POST https://upload-firebasehosting.googleapis.com/upload/sites/login-form-c466c/versions/9022f7873d7f527e/files/3ee59515172ee198f3be375979df15ac5345183e656720a381b8872b2a39dc8b [none]
[debug] [2023-03-23T09:22:30.050Z] >>> [apiv2][body] POST https://upload-firebasehosting.googleapis.com/upload/sites/login-form-c466c/versions/9022f7873d7f527e/files/3ee59515172ee198f3be375979df15ac5345183e656720a381b8872b2a39dc8b [stream]
[debug] [2023-03-23T09:22:30.052Z] >>> [apiv2][query] POST https://upload-firebasehosting.googleapis.com/upload/sites/login-form-c466c/versions/9022f7873d7f527e/files/636249f7ec13471ca8dd1b5514683b9422ba7c1339db7d3fccd89587d561f57d [none]
[debug] [2023-03-23T09:22:30.052Z] >>> [apiv2][body] POST https://upload-firebasehosting.googleapis.com/upload/sites/login-form-c466c/versions/9022f7873d7f527e/files/636249f7ec13471ca8dd1b5514683b9422ba7c1339db7d3fccd89587d561f57d [stream]
[debug] [2023-03-23T09:22:30.055Z] >>> [apiv2][query] POST https://upload-firebasehosting.googleapis.com/upload/sites/login-form-c466c/versions/9022f7873d7f527e/files/aff3449bdc238776f5d6d967f19ec491b36aed5fb7f23ccff6500736fd58494a [none]
[debug] [2023-03-23T09:22:30.056Z] >>> [apiv2][body] POST https://upload-firebasehosting.googleapis.com/upload/sites/login-form-c466c/versions/9022f7873d7f527e/files/aff3449bdc238776f5d6d967f19ec491b36aed5fb7f23ccff6500736fd58494a [stream]
[debug] [2023-03-23T09:22:30.057Z] >>> [apiv2][query] POST https://upload-firebasehosting.googleapis.com/upload/sites/login-form-c466c/versions/9022f7873d7f527e/files/f4f1a98fe8c92c6e9727f1d030e6009a548f24d0e8026519fc6eb17975ca28be [none]
[debug] [2023-03-23T09:22:30.057Z] >>> [apiv2][body] POST https://upload-firebasehosting.googleapis.com/upload/sites/login-form-c466c/versions/9022f7873d7f527e/files/f4f1a98fe8c92c6e9727f1d030e6009a548f24d0e8026519fc6eb17975ca28be [stream]
[debug] [2023-03-23T09:22:30.058Z] >>> [apiv2][query] POST https://upload-firebasehosting.googleapis.com/upload/sites/login-form-c466c/versions/9022f7873d7f527e/files/666975cbb8df6d3a8fe745c216bea42cdbeade0c1352927356ce159645bae637 [none]
[debug] [2023-03-23T09:22:30.059Z] >>> [apiv2][body] POST https://upload-firebasehosting.googleapis.com/upload/sites/login-form-c466c/versions/9022f7873d7f527e/files/666975cbb8df6d3a8fe745c216bea42cdbeade0c1352927356ce159645bae637 [stream]
[debug] [2023-03-23T09:22:30.060Z] >>> [apiv2][query] POST https://upload-firebasehosting.googleapis.com/upload/sites/login-form-c466c/versions/9022f7873d7f527e/files/642ef6ac8ac6b4ab70684dbaa919d5e1950f9077111123b0c718af21d236ca7e [none]
[debug] [2023-03-23T09:22:30.060Z] >>> [apiv2][body] POST https://upload-firebasehosting.googleapis.com/upload/sites/login-form-c466c/versions/9022f7873d7f527e/files/642ef6ac8ac6b4ab70684dbaa919d5e1950f9077111123b0c718af21d236ca7e [stream]
[debug] [2023-03-23T09:22:30.061Z] >>> [apiv2][query] POST https://upload-firebasehosting.googleapis.com/upload/sites/login-form-c466c/versions/9022f7873d7f527e/files/a35e0828e6dc7126237876b2dadbe7fcb232addb528c11165f30af99142f43ad [none]
[debug] [2023-03-23T09:22:30.061Z] >>> [apiv2][body] POST https://upload-firebasehosting.googleapis.com/upload/sites/login-form-c466c/versions/9022f7873d7f527e/files/a35e0828e6dc7126237876b2dadbe7fcb232addb528c11165f30af99142f43ad [stream]
[debug] [2023-03-23T09:22:30.063Z] >>> [apiv2][query] POST https://upload-firebasehosting.googleapis.com/upload/sites/login-form-c466c/versions/9022f7873d7f527e/files/988eaf7855170a86758d4b3b4eae40c9943df7277c8a1bd1d3b7b7473ab794ae [none]
[debug] [2023-03-23T09:22:30.063Z] >>> [apiv2][body] POST https://upload-firebasehosting.googleapis.com/upload/sites/login-form-c466c/versions/9022f7873d7f527e/files/988eaf7855170a86758d4b3b4eae40c9943df7277c8a1bd1d3b7b7473ab794ae [stream]
[debug] [2023-03-23T09:22:30.064Z] >>> [apiv2][query] POST https://upload-firebasehosting.googleapis.com/upload/sites/login-form-c466c/versions/9022f7873d7f527e/files/c0dc8441d856fa87e9c7c4e849c7c1c5a294a0bde6d5a04a77ba6478f6cb0a13 [none]
[debug] [2023-03-23T09:22:30.064Z] >>> [apiv2][body] POST https://upload-firebasehosting.googleapis.com/upload/sites/login-form-c466c/versions/9022f7873d7f527e/files/c0dc8441d856fa87e9c7c4e849c7c1c5a294a0bde6d5a04a77ba6478f6cb0a13 [stream]
[debug] [2023-03-23T09:22:30.065Z] >>> [apiv2][query] POST https://upload-firebasehosting.googleapis.com/upload/sites/login-form-c466c/versions/9022f7873d7f527e/files/bfe106a3fb878dc83461c86818bf74fc1bdc7f28538ba613cd3e775516ce8b49 [none]
[debug] [2023-03-23T09:22:30.065Z] >>> [apiv2][body] POST https://upload-firebasehosting.googleapis.com/upload/sites/login-form-c466c/versions/9022f7873d7f527e/files/bfe106a3fb878dc83461c86818bf74fc1bdc7f28538ba613cd3e775516ce8b49 [stream]
[debug] [2023-03-23T09:22:30.066Z] >>> [apiv2][query] POST https://upload-firebasehosting.googleapis.com/upload/sites/login-form-c466c/versions/9022f7873d7f527e/files/4c621dda09aaa37f77d7041b3a440e943577302dc12279671803b3d63ebacd7f [none]
[debug] [2023-03-23T09:22:30.066Z] >>> [apiv2][body] POST https://upload-firebasehosting.googleapis.com/upload/sites/login-form-c466c/versions/9022f7873d7f527e/files/4c621dda09aaa37f77d7041b3a440e943577302dc12279671803b3d63ebacd7f [stream]
[debug] [2023-03-23T09:22:30.066Z] >>> [apiv2][query] POST https://upload-firebasehosting.googleapis.com/upload/sites/login-form-c466c/versions/9022f7873d7f527e/files/cd61a427c213687dad4a2935930286b1a7a88aaf42407f6edbf02c47b848ee05 [none]
[debug] [2023-03-23T09:22:30.067Z] >>> [apiv2][body] POST https://upload-firebasehosting.googleapis.com/upload/sites/login-form-c466c/versions/9022f7873d7f527e/files/cd61a427c213687dad4a2935930286b1a7a88aaf42407f6edbf02c47b848ee05 [stream]
[debug] [2023-03-23T09:22:30.067Z] >>> [apiv2][query] POST https://upload-firebasehosting.googleapis.com/upload/sites/login-form-c466c/versions/9022f7873d7f527e/files/3f049762b651db5bf54da4c48abe86092382bf2d7b61a6c600fe9c1913f99d6e [none]
[debug] [2023-03-23T09:22:30.067Z] >>> [apiv2][body] POST https://upload-firebasehosting.googleapis.com/upload/sites/login-form-c466c/versions/9022f7873d7f527e/files/3f049762b651db5bf54da4c48abe86092382bf2d7b61a6c600fe9c1913f99d6e [stream]
[debug] [2023-03-23T09:22:30.069Z] >>> [apiv2][query] POST https://upload-firebasehosting.googleapis.com/upload/sites/login-form-c466c/versions/9022f7873d7f527e/files/7baf22de54d5d9a7226bec650f0f10c58d2983128f313fca9e92523ae9b380cd [none]
[debug] [2023-03-23T09:22:30.069Z] >>> [apiv2][body] POST https://upload-firebasehosting.googleapis.com/upload/sites/login-form-c466c/versions/9022f7873d7f527e/files/7baf22de54d5d9a7226bec650f0f10c58d2983128f313fca9e92523ae9b380cd [stream]
[debug] [2023-03-23T09:22:30.071Z] [hosting][populate queue][FINAL] {"max":1408,"min":1408,"avg":1408,"active":0,"complete":1,"success":1,"errored":0,"retried":1,"total":1,"elapsed":13435}
[debug] [2023-03-23T09:22:30.071Z] [hosting] uploads queued: 18
[debug] [2023-03-23T09:22:32.073Z] <<< [apiv2][status] POST https://upload-firebasehosting.googleapis.com/upload/sites/login-form-c466c/versions/9022f7873d7f527e/files/aff3449bdc238776f5d6d967f19ec491b36aed5fb7f23ccff6500736fd58494a 200
[debug] [2023-03-23T09:22:32.073Z] <<< [apiv2][body] POST https://upload-firebasehosting.googleapis.com/upload/sites/login-form-c466c/versions/9022f7873d7f527e/files/aff3449bdc238776f5d6d967f19ec491b36aed5fb7f23ccff6500736fd58494a [stream]
[debug] [2023-03-23T09:22:32.239Z] <<< [apiv2][status] POST https://upload-firebasehosting.googleapis.com/upload/sites/login-form-c466c/versions/9022f7873d7f527e/files/f4f1a98fe8c92c6e9727f1d030e6009a548f24d0e8026519fc6eb17975ca28be 200
[debug] [2023-03-23T09:22:32.240Z] <<< [apiv2][body] POST https://upload-firebasehosting.googleapis.com/upload/sites/login-form-c466c/versions/9022f7873d7f527e/files/f4f1a98fe8c92c6e9727f1d030e6009a548f24d0e8026519fc6eb17975ca28be [stream]
[debug] [2023-03-23T09:22:32.274Z] <<< [apiv2][status] POST https://upload-firebasehosting.googleapis.com/upload/sites/login-form-c466c/versions/9022f7873d7f527e/files/7baf22de54d5d9a7226bec650f0f10c58d2983128f313fca9e92523ae9b380cd 200
[debug] [2023-03-23T09:22:32.274Z] <<< [apiv2][body] POST https://upload-firebasehosting.googleapis.com/upload/sites/login-form-c466c/versions/9022f7873d7f527e/files/7baf22de54d5d9a7226bec650f0f10c58d2983128f313fca9e92523ae9b380cd [stream]
[debug] [2023-03-23T09:22:32.559Z] <<< [apiv2][status] POST https://upload-firebasehosting.googleapis.com/upload/sites/login-form-c466c/versions/9022f7873d7f527e/files/706c2fbe6810db30c6f62ae4135a69cbb29a8643f602e6d8e106e4ea5251369a 200
[debug] [2023-03-23T09:22:32.559Z] <<< [apiv2][body] POST https://upload-firebasehosting.googleapis.com/upload/sites/login-form-c466c/versions/9022f7873d7f527e/files/706c2fbe6810db30c6f62ae4135a69cbb29a8643f602e6d8e106e4ea5251369a [stream]
[debug] [2023-03-23T09:22:32.741Z] <<< [apiv2][status] POST https://upload-firebasehosting.googleapis.com/upload/sites/login-form-c466c/versions/9022f7873d7f527e/files/a35e0828e6dc7126237876b2dadbe7fcb232addb528c11165f30af99142f43ad 200
[debug] [2023-03-23T09:22:32.741Z] <<< [apiv2][body] POST https://upload-firebasehosting.googleapis.com/upload/sites/login-form-c466c/versions/9022f7873d7f527e/files/a35e0828e6dc7126237876b2dadbe7fcb232addb528c11165f30af99142f43ad [stream]
[debug] [2023-03-23T09:22:32.795Z] <<< [apiv2][status] POST https://upload-firebasehosting.googleapis.com/upload/sites/login-form-c466c/versions/9022f7873d7f527e/files/4c621dda09aaa37f77d7041b3a440e943577302dc12279671803b3d63ebacd7f 200
[debug] [2023-03-23T09:22:32.795Z] <<< [apiv2][body] POST https://upload-firebasehosting.googleapis.com/upload/sites/login-form-c466c/versions/9022f7873d7f527e/files/4c621dda09aaa37f77d7041b3a440e943577302dc12279671803b3d63ebacd7f [stream]
[debug] [2023-03-23T09:22:32.798Z] <<< [apiv2][status] POST https://upload-firebasehosting.googleapis.com/upload/sites/login-form-c466c/versions/9022f7873d7f527e/files/c0dc8441d856fa87e9c7c4e849c7c1c5a294a0bde6d5a04a77ba6478f6cb0a13 200
[debug] [2023-03-23T09:22:32.799Z] <<< [apiv2][body] POST https://upload-firebasehosting.googleapis.com/upload/sites/login-form-c466c/versions/9022f7873d7f527e/files/c0dc8441d856fa87e9c7c4e849c7c1c5a294a0bde6d5a04a77ba6478f6cb0a13 [stream]
[debug] [2023-03-23T09:22:33.173Z] <<< [apiv2][status] POST https://upload-firebasehosting.googleapis.com/upload/sites/login-form-c466c/versions/9022f7873d7f527e/files/636249f7ec13471ca8dd1b5514683b9422ba7c1339db7d3fccd89587d561f57d 200
[debug] [2023-03-23T09:22:33.173Z] <<< [apiv2][body] POST https://upload-firebasehosting.googleapis.com/upload/sites/login-form-c466c/versions/9022f7873d7f527e/files/636249f7ec13471ca8dd1b5514683b9422ba7c1339db7d3fccd89587d561f57d [stream]
[debug] [2023-03-23T09:22:33.180Z] <<< [apiv2][status] POST https://upload-firebasehosting.googleapis.com/upload/sites/login-form-c466c/versions/9022f7873d7f527e/files/3ee59515172ee198f3be375979df15ac5345183e656720a381b8872b2a39dc8b 200
[debug] [2023-03-23T09:22:33.180Z] <<< [apiv2][body] POST https://upload-firebasehosting.googleapis.com/upload/sites/login-form-c466c/versions/9022f7873d7f527e/files/3ee59515172ee198f3be375979df15ac5345183e656720a381b8872b2a39dc8b [stream]
[debug] [2023-03-23T09:22:34.037Z] <<< [apiv2][status] POST https://upload-firebasehosting.googleapis.com/upload/sites/login-form-c466c/versions/9022f7873d7f527e/files/1d9d1f5c30fabb55686cfd1d8ba81a8bbd403430bb4a109b60c9ff675f2ba06c 200
[debug] [2023-03-23T09:22:34.037Z] <<< [apiv2][body] POST https://upload-firebasehosting.googleapis.com/upload/sites/login-form-c466c/versions/9022f7873d7f527e/files/1d9d1f5c30fabb55686cfd1d8ba81a8bbd403430bb4a109b60c9ff675f2ba06c [stream]
[debug] [2023-03-23T09:22:34.963Z] <<< [apiv2][status] POST https://upload-firebasehosting.googleapis.com/upload/sites/login-form-c466c/versions/9022f7873d7f527e/files/f57a88fa1fb5ac200e2cd0ab168f6297a6b7ab05ec49d40e2e9044d157deb2ea 200
[debug] [2023-03-23T09:22:34.963Z] <<< [apiv2][body] POST https://upload-firebasehosting.googleapis.com/upload/sites/login-form-c466c/versions/9022f7873d7f527e/files/f57a88fa1fb5ac200e2cd0ab168f6297a6b7ab05ec49d40e2e9044d157deb2ea [stream]
[debug] [2023-03-23T09:22:36.400Z] <<< [apiv2][status] POST https://upload-firebasehosting.googleapis.com/upload/sites/login-form-c466c/versions/9022f7873d7f527e/files/bfe106a3fb878dc83461c86818bf74fc1bdc7f28538ba613cd3e775516ce8b49 200
[debug] [2023-03-23T09:22:36.400Z] <<< [apiv2][body] POST https://upload-firebasehosting.googleapis.com/upload/sites/login-form-c466c/versions/9022f7873d7f527e/files/bfe106a3fb878dc83461c86818bf74fc1bdc7f28538ba613cd3e775516ce8b49 [stream]
[debug] [2023-03-23T09:22:41.931Z] [uploadQueue] Retrying task ee7e2f3fdb8209c4b6fd7bef6ba50d1b9dba30a25bb5c3126df057e1cb6f5331
[debug] [2023-03-23T09:22:41.933Z] >>> [apiv2][query] POST https://upload-firebasehosting.googleapis.com/upload/sites/login-form-c466c/versions/9022f7873d7f527e/files/ee7e2f3fdb8209c4b6fd7bef6ba50d1b9dba30a25bb5c3126df057e1cb6f5331 [none]
[debug] [2023-03-23T09:22:41.933Z] >>> [apiv2][body] POST https://upload-firebasehosting.googleapis.com/upload/sites/login-form-c466c/versions/9022f7873d7f527e/files/ee7e2f3fdb8209c4b6fd7bef6ba50d1b9dba30a25bb5c3126df057e1cb6f5331 [stream]
[debug] [2023-03-23T09:22:46.920Z] <<< [apiv2][status] POST https://upload-firebasehosting.googleapis.com/upload/sites/login-form-c466c/versions/9022f7873d7f527e/files/ee7e2f3fdb8209c4b6fd7bef6ba50d1b9dba30a25bb5c3126df057e1cb6f5331 200
[debug] [2023-03-23T09:22:46.921Z] <<< [apiv2][body] POST https://upload-firebasehosting.googleapis.com/upload/sites/login-form-c466c/versions/9022f7873d7f527e/files/ee7e2f3fdb8209c4b6fd7bef6ba50d1b9dba30a25bb5c3126df057e1cb6f5331 [stream]
[debug] [2023-03-23T09:23:00.442Z] [uploadQueue] Retrying task 642ef6ac8ac6b4ab70684dbaa919d5e1950f9077111123b0c718af21d236ca7e
[debug] [2023-03-23T09:23:00.443Z] >>> [apiv2][query] POST https://upload-firebasehosting.googleapis.com/upload/sites/login-form-c466c/versions/9022f7873d7f527e/files/642ef6ac8ac6b4ab70684dbaa919d5e1950f9077111123b0c718af21d236ca7e [none]
[debug] [2023-03-23T09:23:00.444Z] >>> [apiv2][body] POST https://upload-firebasehosting.googleapis.com/upload/sites/login-form-c466c/versions/9022f7873d7f527e/files/642ef6ac8ac6b4ab70684dbaa919d5e1950f9077111123b0c718af21d236ca7e [stream]
[debug] [2023-03-23T09:23:00.449Z] [uploadQueue] Retrying task 988eaf7855170a86758d4b3b4eae40c9943df7277c8a1bd1d3b7b7473ab794ae
[debug] [2023-03-23T09:23:00.449Z] >>> [apiv2][query] POST https://upload-firebasehosting.googleapis.com/upload/sites/login-form-c466c/versions/9022f7873d7f527e/files/988eaf7855170a86758d4b3b4eae40c9943df7277c8a1bd1d3b7b7473ab794ae [none]
[debug] [2023-03-23T09:23:00.449Z] >>> [apiv2][body] POST https://upload-firebasehosting.googleapis.com/upload/sites/login-form-c466c/versions/9022f7873d7f527e/files/988eaf7855170a86758d4b3b4eae40c9943df7277c8a1bd1d3b7b7473ab794ae [stream]
[debug] [2023-03-23T09:23:00.450Z] [uploadQueue] Retrying task cd61a427c213687dad4a2935930286b1a7a88aaf42407f6edbf02c47b848ee05
[debug] [2023-03-23T09:23:00.451Z] >>> [apiv2][query] POST https://upload-firebasehosting.googleapis.com/upload/sites/login-form-c466c/versions/9022f7873d7f527e/files/cd61a427c213687dad4a2935930286b1a7a88aaf42407f6edbf02c47b848ee05 [none]
[debug] [2023-03-23T09:23:00.451Z] >>> [apiv2][body] POST https://upload-firebasehosting.googleapis.com/upload/sites/login-form-c466c/versions/9022f7873d7f527e/files/cd61a427c213687dad4a2935930286b1a7a88aaf42407f6edbf02c47b848ee05 [stream]
[debug] [2023-03-23T09:23:00.452Z] [uploadQueue] Retrying task 3f049762b651db5bf54da4c48abe86092382bf2d7b61a6c600fe9c1913f99d6e
[debug] [2023-03-23T09:23:00.452Z] >>> [apiv2][query] POST https://upload-firebasehosting.googleapis.com/upload/sites/login-form-c466c/versions/9022f7873d7f527e/files/3f049762b651db5bf54da4c48abe86092382bf2d7b61a6c600fe9c1913f99d6e [none]
[debug] [2023-03-23T09:23:00.452Z] >>> [apiv2][body] POST https://upload-firebasehosting.googleapis.com/upload/sites/login-form-c466c/versions/9022f7873d7f527e/files/3f049762b651db5bf54da4c48abe86092382bf2d7b61a6c600fe9c1913f99d6e [stream]
[debug] [2023-03-23T09:23:18.096Z] [uploadQueue] Retrying task 666975cbb8df6d3a8fe745c216bea42cdbeade0c1352927356ce159645bae637
[debug] [2023-03-23T09:23:18.097Z] >>> [apiv2][query] POST https://upload-firebasehosting.googleapis.com/upload/sites/login-form-c466c/versions/9022f7873d7f527e/files/666975cbb8df6d3a8fe745c216bea42cdbeade0c1352927356ce159645bae637 [none]
[debug] [2023-03-23T09:23:18.097Z] >>> [apiv2][body] POST https://upload-firebasehosting.googleapis.com/upload/sites/login-form-c466c/versions/9022f7873d7f527e/files/666975cbb8df6d3a8fe745c216bea42cdbeade0c1352927356ce159645bae637 [stream]
[debug] [2023-03-23T09:23:22.310Z] [uploadQueue] Retrying task 988eaf7855170a86758d4b3b4eae40c9943df7277c8a1bd1d3b7b7473ab794ae
[debug] [2023-03-23T09:23:22.311Z] >>> [apiv2][query] POST https://upload-firebasehosting.googleapis.com/upload/sites/login-form-c466c/versions/9022f7873d7f527e/files/988eaf7855170a86758d4b3b4eae40c9943df7277c8a1bd1d3b7b7473ab794ae [none]
[debug] [2023-03-23T09:23:22.311Z] >>> [apiv2][body] POST https://upload-firebasehosting.googleapis.com/upload/sites/login-form-c466c/versions/9022f7873d7f527e/files/988eaf7855170a86758d4b3b4eae40c9943df7277c8a1bd1d3b7b7473ab794ae [stream]
[debug] [2023-03-23T09:23:31.264Z] [uploadQueue] Retrying task 642ef6ac8ac6b4ab70684dbaa919d5e1950f9077111123b0c718af21d236ca7e
[debug] [2023-03-23T09:23:31.265Z] >>> [apiv2][query] POST https://upload-firebasehosting.googleapis.com/upload/sites/login-form-c466c/versions/9022f7873d7f527e/files/642ef6ac8ac6b4ab70684dbaa919d5e1950f9077111123b0c718af21d236ca7e [none]
[debug] [2023-03-23T09:23:31.266Z] >>> [apiv2][body] POST https://upload-firebasehosting.googleapis.com/upload/sites/login-form-c466c/versions/9022f7873d7f527e/files/642ef6ac8ac6b4ab70684dbaa919d5e1950f9077111123b0c718af21d236ca7e [stream]
[debug] [2023-03-23T09:23:31.269Z] [uploadQueue] Retrying task cd61a427c213687dad4a2935930286b1a7a88aaf42407f6edbf02c47b848ee05
[debug] [2023-03-23T09:23:31.270Z] >>> [apiv2][query] POST https://upload-firebasehosting.googleapis.com/upload/sites/login-form-c466c/versions/9022f7873d7f527e/files/cd61a427c213687dad4a2935930286b1a7a88aaf42407f6edbf02c47b848ee05 [none]
[debug] [2023-03-23T09:23:31.270Z] >>> [apiv2][body] POST https://upload-firebasehosting.googleapis.com/upload/sites/login-form-c466c/versions/9022f7873d7f527e/files/cd61a427c213687dad4a2935930286b1a7a88aaf42407f6edbf02c47b848ee05 [stream]
[debug] [2023-03-23T09:23:31.273Z] [uploadQueue] Retrying task 3f049762b651db5bf54da4c48abe86092382bf2d7b61a6c600fe9c1913f99d6e
[debug] [2023-03-23T09:23:31.274Z] >>> [apiv2][query] POST https://upload-firebasehosting.googleapis.com/upload/sites/login-form-c466c/versions/9022f7873d7f527e/files/3f049762b651db5bf54da4c48abe86092382bf2d7b61a6c600fe9c1913f99d6e [none]
[debug] [2023-03-23T09:23:31.274Z] >>> [apiv2][body] POST https://upload-firebasehosting.googleapis.com/upload/sites/login-form-c466c/versions/9022f7873d7f527e/files/3f049762b651db5bf54da4c48abe86092382bf2d7b61a6c600fe9c1913f99d6e [stream]
[debug] [2023-03-23T09:23:43.193Z] [uploadQueue] Retrying task 3f049762b651db5bf54da4c48abe86092382bf2d7b61a6c600fe9c1913f99d6e
[debug] [2023-03-23T09:23:43.194Z] >>> [apiv2][query] POST https://upload-firebasehosting.googleapis.com/upload/sites/login-form-c466c/versions/9022f7873d7f527e/files/3f049762b651db5bf54da4c48abe86092382bf2d7b61a6c600fe9c1913f99d6e [none]
[debug] [2023-03-23T09:23:43.194Z] >>> [apiv2][body] POST https://upload-firebasehosting.googleapis.com/upload/sites/login-form-c466c/versions/9022f7873d7f527e/files/3f049762b651db5bf54da4c48abe86092382bf2d7b61a6c600fe9c1913f99d6e [stream]
[debug] [2023-03-23T09:23:53.936Z] [uploadQueue] Retrying task 988eaf7855170a86758d4b3b4eae40c9943df7277c8a1bd1d3b7b7473ab794ae
[debug] [2023-03-23T09:23:53.937Z] >>> [apiv2][query] POST https://upload-firebasehosting.googleapis.com/upload/sites/login-form-c466c/versions/9022f7873d7f527e/files/988eaf7855170a86758d4b3b4eae40c9943df7277c8a1bd1d3b7b7473ab794ae [none]
[debug] [2023-03-23T09:23:53.937Z] >>> [apiv2][body] POST https://upload-firebasehosting.googleapis.com/upload/sites/login-form-c466c/versions/9022f7873d7f527e/files/988eaf7855170a86758d4b3b4eae40c9943df7277c8a1bd1d3b7b7473ab794ae [stream]
